<?xml version="1.0" encoding="UTF-8"?>
<testsuite xmlns:xsi="http://www.w3.org/2001/XMLSchema-instance" xsi:noNamespaceSchemaLocation="https://maven.apache.org/surefire/maven-surefire-plugin/xsd/surefire-test-report-3.0.xsd" version="3.0" name="Calculator_Test" time="0.591" tests="8" errors="0" skipped="0" failures="0">
  <properties>
[...]
</properties>
  <testcase name="logCorrect" classname="Calculator_Test" time="0.54">
    <system-out><![CDATA[2023-03-21 16:41:18,352 main ERROR Unable to locate appender "console" for logger config "root"
]]></system-out>
  </testcase>
  <testcase name="factorialCorrect" classname="Calculator_Test" time="0"/>
  <testcase name="powerCorrect" classname="Calculator_Test" time="0.001"/>
  <testcase name="squareRootWrong" classname="Calculator_Test" time="0"/>
  <testcase name="powerWrong" classname="Calculator_Test" time="0.001"/>
  <testcase name="factorialWrong" classname="Calculator_Test" time="0.001"/>
  <testcase name="squareRootCorrect" classname="Calculator_Test" time="0.001"/>
  <testcase name="logWrong" classname="Calculator_Test" time="0"/>
</testsuite>