<?xml version="1.0" encoding="UTF-8"?>
<testsuite xmlns:xsi="http://www.w3.org/2001/XMLSchema-instance" xsi:noNamespaceSchemaLocation="https://maven.apache.org/surefire/maven-surefire-plugin/xsd/surefire-test-report-3.0.xsd" version="3.0" name="CalculatorTest" time="0.395" tests="8" errors="0" skipped="0" failures="0">
  <properties>
[...]
</properties>
  <testcase name="factorialFalsePositive" classname="CalculatorTest" time="0.343"/>
  <testcase name="squareRootTruePositive" classname="CalculatorTest" time="0.006">
    <system-out><![CDATA[23:40:10.429 [main] INFO  calculator.Calculator - [SQ ROOT] - 16.0
23:40:10.431 [main] INFO  calculator.Calculator - [RESULT - SQ ROOT] - 4.0
23:40:10.431 [main] INFO  calculator.Calculator - [SQ ROOT] - 1.0
23:40:10.431 [main] INFO  calculator.Calculator - [RESULT - SQ ROOT] - 1.0
23:40:10.431 [main] INFO  calculator.Calculator - [SQ ROOT] - 81.0
23:40:10.432 [main] INFO  calculator.Calculator - [RESULT - SQ ROOT] - 9.0
23:40:10.432 [main] INFO  calculator.Calculator - [SQ ROOT] - 36.0
23:40:10.432 [main] INFO  calculator.Calculator - [RESULT - SQ ROOT] - 6.0
]]></system-out>
  </testcase>
  <testcase name="squareRootFalsePositive" classname="CalculatorTest" time="0">
    <system-out><![CDATA[23:40:10.432 [main] INFO  calculator.Calculator - [SQ ROOT] - 3.0
23:40:10.432 [main] INFO  calculator.Calculator - [RESULT - SQ ROOT] - 1.7320508075688772
23:40:10.433 [main] INFO  calculator.Calculator - [SQ ROOT] - 4.0
23:40:10.433 [main] INFO  calculator.Calculator - [RESULT - SQ ROOT] - 2.0
23:40:10.433 [main] INFO  calculator.Calculator - [SQ ROOT] - 81.0
23:40:10.433 [main] INFO  calculator.Calculator - [RESULT - SQ ROOT] - 9.0
23:40:10.433 [main] INFO  calculator.Calculator - [SQ ROOT] - 36.0
23:40:10.433 [main] INFO  calculator.Calculator - [RESULT - SQ ROOT] - 6.0
]]></system-out>
  </testcase>
  <testcase name="logTruePositive" classname="CalculatorTest" time="0">
    <system-out><![CDATA[23:40:10.434 [main] INFO  calculator.Calculator - [NATURAL LOG] - 1.0
23:40:10.434 [main] INFO  calculator.Calculator - [RESULT - NATURAL LOG] - 0.0
]]></system-out>
  </testcase>
  <testcase name="factorialTruePositive" classname="CalculatorTest" time="0"/>
  <testcase name="powerFalsePositive" classname="CalculatorTest" time="0.002">
    <system-out><![CDATA[23:40:10.435 [main] INFO  calculator.Calculator - [POWER - 2.0 RAISED TO] 3.0
23:40:10.435 [main] INFO  calculator.Calculator - [RESULT - POWER] - 8.0
23:40:10.435 [main] INFO  calculator.Calculator - [POWER - 3.0 RAISED TO] 3.0
23:40:10.435 [main] INFO  calculator.Calculator - [RESULT - POWER] - 27.0
23:40:10.436 [main] INFO  calculator.Calculator - [POWER - 4.0 RAISED TO] 3.0
23:40:10.436 [main] INFO  calculator.Calculator - [RESULT - POWER] - 64.0
23:40:10.436 [main] INFO  calculator.Calculator - [POWER - 5.0 RAISED TO] 3.0
23:40:10.436 [main] INFO  calculator.Calculator - [RESULT - POWER] - 125.0
]]></system-out>
  </testcase>
  <testcase name="powerTruePositive" classname="CalculatorTest" time="0.001">
    <system-out><![CDATA[23:40:10.436 [main] INFO  calculator.Calculator - [POWER - 2.0 RAISED TO] 3.0
23:40:10.436 [main] INFO  calculator.Calculator - [RESULT - POWER] - 8.0
23:40:10.437 [main] INFO  calculator.Calculator - [POWER - 1.0 RAISED TO] 3.0
23:40:10.437 [main] INFO  calculator.Calculator - [RESULT - POWER] - 1.0
23:40:10.437 [main] INFO  calculator.Calculator - [POWER - 3.0 RAISED TO] 4.0
23:40:10.437 [main] INFO  calculator.Calculator - [RESULT - POWER] - 81.0
23:40:10.437 [main] INFO  calculator.Calculator - [POWER - 4.0 RAISED TO] 3.0
23:40:10.437 [main] INFO  calculator.Calculator - [RESULT - POWER] - 64.0
23:40:10.437 [main] INFO  calculator.Calculator - [POWER - 5.0 RAISED TO] 2.0
23:40:10.437 [main] INFO  calculator.Calculator - [RESULT - POWER] - 25.0
]]></system-out>
  </testcase>
  <testcase name="logFalsePositive" classname="CalculatorTest" time="0.001">
    <system-out><![CDATA[23:40:10.438 [main] INFO  calculator.Calculator - [NATURAL LOG] - 2.4
23:40:10.438 [main] INFO  calculator.Calculator - [RESULT - NATURAL LOG] - 0.8754687373538999
23:40:10.438 [main] INFO  calculator.Calculator - [NATURAL LOG] - 2.1
23:40:10.438 [main] INFO  calculator.Calculator - [RESULT - NATURAL LOG] - 0.7419373447293773
]]></system-out>
  </testcase>
</testsuite>